<ns0:test-suite xmlns:ns0="urn:model.allure.qatools.yandex.ru" start="1548418790122" stop="1548418790189">
  <name>test_001</name>
  <labels/>
  <test-cases>
    <test-case start="1548418790122" status="passed" stop="1548418790127">
      <name>Test_001.test_001_1</name>
      <attachments/>
      <labels>
        <label name="severity" value="normal"/>
        <label name="thread" value="7024-MainThread"/>
        <label name="host" value="PC-20150609NIOV"/>
        <label name="framework" value="pytest"/>
        <label name="language" value="cpython3"/>
      </labels>
      <steps>
        <step start="1548418790126" status="passed" stop="1548418790126">
          <name>我是test_001-1测试步骤名称</name>
          <title>我是test_001-1测试步骤名称</title>
          <attachments/>
          <steps/>
        </step>
      </steps>
    </test-case>
    <test-case start="1548418790128" status="passed" stop="1548418790129">
      <name>Test_001.test_001_2</name>
      <attachments/>
      <labels>
        <label name="severity" value="normal"/>
        <label name="thread" value="7024-MainThread"/>
        <label name="host" value="PC-20150609NIOV"/>
        <label name="framework" value="pytest"/>
        <label name="language" value="cpython3"/>
      </labels>
      <steps>
        <step start="1548418790129" status="passed" stop="1548418790129">
          <name>我是test_001-2测试步骤名称</name>
          <title>我是test_001-2测试步骤名称</title>
          <attachments/>
          <steps/>
        </step>
      </steps>
    </test-case>
    <test-case start="1548418790130" status="failed" stop="1548418790189">
      <name>Test_001.test_001_3</name>
      <failure>
        <message>AssertionError: assert False</message>
        <stack-trace>self = &lt;test_001.Test_001 object at 0x0000000003B76470&gt;

    @allure.step(title='我是test_001-3测试步骤名称')
    def test_001_3(self):
        print("----&gt;test_001-3")
&gt;       assert False
E       assert False

test_001.py:17: AssertionError</stack-trace>
      </failure>
      <attachments/>
      <labels>
        <label name="severity" value="normal"/>
        <label name="thread" value="7024-MainThread"/>
        <label name="host" value="PC-20150609NIOV"/>
        <label name="framework" value="pytest"/>
        <label name="language" value="cpython3"/>
      </labels>
      <steps>
        <step start="1548418790131" status="failed" stop="1548418790133">
          <name>我是test_001-3测试步骤名称</name>
          <title>我是test_001-3测试步骤名称</title>
          <attachments/>
          <steps/>
        </step>
      </steps>
    </test-case>
  </test-cases>
</ns0:test-suite>
